Performing C SOURCE FILE Test CMAKE_HAVE_LIBC_PTHREAD failed with the following output:
Change Dir: /home/georged/grpc/examples/cpp/prototypeBeforVM/cmake/build/CMakeFiles/CMakeTmp

Run Build Command(s):/usr/bin/make cmTC_9e53a/fast && /usr/bin/make  -f CMakeFiles/cmTC_9e53a.dir/build.make CMakeFiles/cmTC_9e53a.dir/build
make[1]: Entering directory '/home/georged/grpc/examples/cpp/prototypeBeforVM/cmake/build/CMakeFiles/CMakeTmp'
Building C object CMakeFiles/cmTC_9e53a.dir/src.c.o
/usr/bin/cc -DCMAKE_HAVE_LIBC_PTHREAD   -o CMakeFiles/cmTC_9e53a.dir/src.c.o -c /home/georged/grpc/examples/cpp/prototypeBeforVM/cmake/build/CMakeFiles/CMakeTmp/src.c
Linking C executable cmTC_9e53a
/home/georged/.local/bin/cmake -E cmake_link_script CMakeFiles/cmTC_9e53a.dir/link.txt --verbose=1
/usr/bin/cc CMakeFiles/cmTC_9e53a.dir/src.c.o -o cmTC_9e53a 
/usr/bin/ld: CMakeFiles/cmTC_9e53a.dir/src.c.o: in function `main':
src.c:(.text+0x46): undefined reference to `pthread_create'
/usr/bin/ld: src.c:(.text+0x52): undefined reference to `pthread_detach'
/usr/bin/ld: src.c:(.text+0x5e): undefined reference to `pthread_cancel'
/usr/bin/ld: src.c:(.text+0x6f): undefined reference to `pthread_join'
collect2: error: ld returned 1 exit status
make[1]: *** [CMakeFiles/cmTC_9e53a.dir/build.make:106: cmTC_9e53a] Error 1
make[1]: Leaving directory '/home/georged/grpc/examples/cpp/prototypeBeforVM/cmake/build/CMakeFiles/CMakeTmp'
make: *** [Makefile:140: cmTC_9e53a/fast] Error 2


Source file was:
#include <pthread.h>

static void* test_func(void* data)
{
  return data;
}

int main(void)
{
  pthread_t thread;
  pthread_create(&thread, NULL, test_func, NULL);
  pthread_detach(thread);
  pthread_cancel(thread);
  pthread_join(thread, NULL);
  pthread_atfork(NULL, NULL, NULL);
  pthread_exit(NULL);

  return 0;
}

Determining if the function pthread_create exists in the pthreads failed with the following output:
Change Dir: /home/georged/grpc/examples/cpp/prototypeBeforVM/cmake/build/CMakeFiles/CMakeTmp

Run Build Command(s):/usr/bin/make cmTC_7c495/fast && /usr/bin/make  -f CMakeFiles/cmTC_7c495.dir/build.make CMakeFiles/cmTC_7c495.dir/build
make[1]: Entering directory '/home/georged/grpc/examples/cpp/prototypeBeforVM/cmake/build/CMakeFiles/CMakeTmp'
Building C object CMakeFiles/cmTC_7c495.dir/CheckFunctionExists.c.o
/usr/bin/cc   -DCHECK_FUNCTION_EXISTS=pthread_create -o CMakeFiles/cmTC_7c495.dir/CheckFunctionExists.c.o -c /home/georged/.local/share/cmake-3.19/Modules/CheckFunctionExists.c
Linking C executable cmTC_7c495
/home/georged/.local/bin/cmake -E cmake_link_script CMakeFiles/cmTC_7c495.dir/link.txt --verbose=1
/usr/bin/cc  -DCHECK_FUNCTION_EXISTS=pthread_create CMakeFiles/cmTC_7c495.dir/CheckFunctionExists.c.o -o cmTC_7c495  -lpthreads 
/usr/bin/ld: cannot find -lpthreads
collect2: error: ld returned 1 exit status
make[1]: *** [CMakeFiles/cmTC_7c495.dir/build.make:106: cmTC_7c495] Error 1
make[1]: Leaving directory '/home/georged/grpc/examples/cpp/prototypeBeforVM/cmake/build/CMakeFiles/CMakeTmp'
make: *** [Makefile:140: cmTC_7c495/fast] Error 2



Performing C SOURCE FILE Test CMAKE_HAVE_LIBC_PTHREAD failed with the following output:
Change Dir: /home/georged/grpc/examples/cpp/prototype/cmake/build/CMakeFiles/CMakeTmp

Run Build Command(s):/usr/bin/make cmTC_a0ad1/fast && /usr/bin/make  -f CMakeFiles/cmTC_a0ad1.dir/build.make CMakeFiles/cmTC_a0ad1.dir/build
make[1]: Entering directory '/home/georged/grpc/examples/cpp/prototype/cmake/build/CMakeFiles/CMakeTmp'
Building C object CMakeFiles/cmTC_a0ad1.dir/src.c.o
/usr/bin/cc -DCMAKE_HAVE_LIBC_PTHREAD   -o CMakeFiles/cmTC_a0ad1.dir/src.c.o -c /home/georged/grpc/examples/cpp/prototype/cmake/build/CMakeFiles/CMakeTmp/src.c
Linking C executable cmTC_a0ad1
/home/georged/.local/bin/cmake -E cmake_link_script CMakeFiles/cmTC_a0ad1.dir/link.txt --verbose=1
/usr/bin/cc CMakeFiles/cmTC_a0ad1.dir/src.c.o -o cmTC_a0ad1 
/usr/bin/ld: CMakeFiles/cmTC_a0ad1.dir/src.c.o: in function `main':
src.c:(.text+0x46): undefined reference to `pthread_create'
/usr/bin/ld: src.c:(.text+0x52): undefined reference to `pthread_detach'
/usr/bin/ld: src.c:(.text+0x5e): undefined reference to `pthread_cancel'
/usr/bin/ld: src.c:(.text+0x6f): undefined reference to `pthread_join'
collect2: error: ld returned 1 exit status
make[1]: *** [CMakeFiles/cmTC_a0ad1.dir/build.make:106: cmTC_a0ad1] Error 1
make[1]: Leaving directory '/home/georged/grpc/examples/cpp/prototype/cmake/build/CMakeFiles/CMakeTmp'
make: *** [Makefile:140: cmTC_a0ad1/fast] Error 2


Source file was:
#include <pthread.h>

static void* test_func(void* data)
{
  return data;
}

int main(void)
{
  pthread_t thread;
  pthread_create(&thread, NULL, test_func, NULL);
  pthread_detach(thread);
  pthread_cancel(thread);
  pthread_join(thread, NULL);
  pthread_atfork(NULL, NULL, NULL);
  pthread_exit(NULL);

  return 0;
}

Determining if the function pthread_create exists in the pthreads failed with the following output:
Change Dir: /home/georged/grpc/examples/cpp/prototype/cmake/build/CMakeFiles/CMakeTmp

Run Build Command(s):/usr/bin/make cmTC_6328e/fast && /usr/bin/make  -f CMakeFiles/cmTC_6328e.dir/build.make CMakeFiles/cmTC_6328e.dir/build
make[1]: Entering directory '/home/georged/grpc/examples/cpp/prototype/cmake/build/CMakeFiles/CMakeTmp'
Building C object CMakeFiles/cmTC_6328e.dir/CheckFunctionExists.c.o
/usr/bin/cc   -DCHECK_FUNCTION_EXISTS=pthread_create -o CMakeFiles/cmTC_6328e.dir/CheckFunctionExists.c.o -c /home/georged/.local/share/cmake-3.19/Modules/CheckFunctionExists.c
Linking C executable cmTC_6328e
/home/georged/.local/bin/cmake -E cmake_link_script CMakeFiles/cmTC_6328e.dir/link.txt --verbose=1
/usr/bin/cc  -DCHECK_FUNCTION_EXISTS=pthread_create CMakeFiles/cmTC_6328e.dir/CheckFunctionExists.c.o -o cmTC_6328e  -lpthreads 
/usr/bin/ld: cannot find -lpthreads
collect2: error: ld returned 1 exit status
make[1]: *** [CMakeFiles/cmTC_6328e.dir/build.make:106: cmTC_6328e] Error 1
make[1]: Leaving directory '/home/georged/grpc/examples/cpp/prototype/cmake/build/CMakeFiles/CMakeTmp'
make: *** [Makefile:140: cmTC_6328e/fast] Error 2



Performing C SOURCE FILE Test CMAKE_HAVE_LIBC_PTHREAD failed with the following output:
Change Dir: /home/georged/grpc/examples/cpp/prototype/cmake/build/CMakeFiles/CMakeTmp

Run Build Command(s):/usr/bin/make cmTC_2d5bb/fast && /usr/bin/make  -f CMakeFiles/cmTC_2d5bb.dir/build.make CMakeFiles/cmTC_2d5bb.dir/build
make[1]: Entering directory '/home/georged/grpc/examples/cpp/prototype/cmake/build/CMakeFiles/CMakeTmp'
Building C object CMakeFiles/cmTC_2d5bb.dir/src.c.o
/usr/bin/cc -DCMAKE_HAVE_LIBC_PTHREAD   -o CMakeFiles/cmTC_2d5bb.dir/src.c.o -c /home/georged/grpc/examples/cpp/prototype/cmake/build/CMakeFiles/CMakeTmp/src.c
Linking C executable cmTC_2d5bb
/home/georged/.local/bin/cmake -E cmake_link_script CMakeFiles/cmTC_2d5bb.dir/link.txt --verbose=1
/usr/bin/cc CMakeFiles/cmTC_2d5bb.dir/src.c.o -o cmTC_2d5bb 
/usr/bin/ld: CMakeFiles/cmTC_2d5bb.dir/src.c.o: in function `main':
src.c:(.text+0x46): undefined reference to `pthread_create'
/usr/bin/ld: src.c:(.text+0x52): undefined reference to `pthread_detach'
/usr/bin/ld: src.c:(.text+0x5e): undefined reference to `pthread_cancel'
/usr/bin/ld: src.c:(.text+0x6f): undefined reference to `pthread_join'
collect2: error: ld returned 1 exit status
make[1]: *** [CMakeFiles/cmTC_2d5bb.dir/build.make:106: cmTC_2d5bb] Error 1
make[1]: Leaving directory '/home/georged/grpc/examples/cpp/prototype/cmake/build/CMakeFiles/CMakeTmp'
make: *** [Makefile:140: cmTC_2d5bb/fast] Error 2


Source file was:
#include <pthread.h>

static void* test_func(void* data)
{
  return data;
}

int main(void)
{
  pthread_t thread;
  pthread_create(&thread, NULL, test_func, NULL);
  pthread_detach(thread);
  pthread_cancel(thread);
  pthread_join(thread, NULL);
  pthread_atfork(NULL, NULL, NULL);
  pthread_exit(NULL);

  return 0;
}

Determining if the function pthread_create exists in the pthreads failed with the following output:
Change Dir: /home/georged/grpc/examples/cpp/prototype/cmake/build/CMakeFiles/CMakeTmp

Run Build Command(s):/usr/bin/make cmTC_0ab07/fast && /usr/bin/make  -f CMakeFiles/cmTC_0ab07.dir/build.make CMakeFiles/cmTC_0ab07.dir/build
make[1]: Entering directory '/home/georged/grpc/examples/cpp/prototype/cmake/build/CMakeFiles/CMakeTmp'
Building C object CMakeFiles/cmTC_0ab07.dir/CheckFunctionExists.c.o
/usr/bin/cc   -DCHECK_FUNCTION_EXISTS=pthread_create -o CMakeFiles/cmTC_0ab07.dir/CheckFunctionExists.c.o -c /home/georged/.local/share/cmake-3.19/Modules/CheckFunctionExists.c
Linking C executable cmTC_0ab07
/home/georged/.local/bin/cmake -E cmake_link_script CMakeFiles/cmTC_0ab07.dir/link.txt --verbose=1
/usr/bin/cc  -DCHECK_FUNCTION_EXISTS=pthread_create CMakeFiles/cmTC_0ab07.dir/CheckFunctionExists.c.o -o cmTC_0ab07  -lpthreads 
/usr/bin/ld: cannot find -lpthreads
collect2: error: ld returned 1 exit status
make[1]: *** [CMakeFiles/cmTC_0ab07.dir/build.make:106: cmTC_0ab07] Error 1
make[1]: Leaving directory '/home/georged/grpc/examples/cpp/prototype/cmake/build/CMakeFiles/CMakeTmp'
make: *** [Makefile:140: cmTC_0ab07/fast] Error 2



Performing C SOURCE FILE Test CMAKE_HAVE_LIBC_PTHREAD failed with the following output:
Change Dir: /home/georged/grpc/examples/cpp/prototype/cmake/build/CMakeFiles/CMakeTmp

Run Build Command(s):/usr/bin/make cmTC_48152/fast && /usr/bin/make  -f CMakeFiles/cmTC_48152.dir/build.make CMakeFiles/cmTC_48152.dir/build
make[1]: Entering directory '/home/georged/grpc/examples/cpp/prototype/cmake/build/CMakeFiles/CMakeTmp'
Building C object CMakeFiles/cmTC_48152.dir/src.c.o
/usr/bin/cc -DCMAKE_HAVE_LIBC_PTHREAD   -o CMakeFiles/cmTC_48152.dir/src.c.o -c /home/georged/grpc/examples/cpp/prototype/cmake/build/CMakeFiles/CMakeTmp/src.c
Linking C executable cmTC_48152
/home/georged/.local/bin/cmake -E cmake_link_script CMakeFiles/cmTC_48152.dir/link.txt --verbose=1
/usr/bin/cc CMakeFiles/cmTC_48152.dir/src.c.o -o cmTC_48152 
/usr/bin/ld: CMakeFiles/cmTC_48152.dir/src.c.o: in function `main':
src.c:(.text+0x46): undefined reference to `pthread_create'
/usr/bin/ld: src.c:(.text+0x52): undefined reference to `pthread_detach'
/usr/bin/ld: src.c:(.text+0x5e): undefined reference to `pthread_cancel'
/usr/bin/ld: src.c:(.text+0x6f): undefined reference to `pthread_join'
collect2: error: ld returned 1 exit status
make[1]: *** [CMakeFiles/cmTC_48152.dir/build.make:106: cmTC_48152] Error 1
make[1]: Leaving directory '/home/georged/grpc/examples/cpp/prototype/cmake/build/CMakeFiles/CMakeTmp'
make: *** [Makefile:140: cmTC_48152/fast] Error 2


Source file was:
#include <pthread.h>

static void* test_func(void* data)
{
  return data;
}

int main(void)
{
  pthread_t thread;
  pthread_create(&thread, NULL, test_func, NULL);
  pthread_detach(thread);
  pthread_cancel(thread);
  pthread_join(thread, NULL);
  pthread_atfork(NULL, NULL, NULL);
  pthread_exit(NULL);

  return 0;
}

Determining if the function pthread_create exists in the pthreads failed with the following output:
Change Dir: /home/georged/grpc/examples/cpp/prototype/cmake/build/CMakeFiles/CMakeTmp

Run Build Command(s):/usr/bin/make cmTC_19393/fast && /usr/bin/make  -f CMakeFiles/cmTC_19393.dir/build.make CMakeFiles/cmTC_19393.dir/build
make[1]: Entering directory '/home/georged/grpc/examples/cpp/prototype/cmake/build/CMakeFiles/CMakeTmp'
Building C object CMakeFiles/cmTC_19393.dir/CheckFunctionExists.c.o
/usr/bin/cc   -DCHECK_FUNCTION_EXISTS=pthread_create -o CMakeFiles/cmTC_19393.dir/CheckFunctionExists.c.o -c /home/georged/.local/share/cmake-3.19/Modules/CheckFunctionExists.c
Linking C executable cmTC_19393
/home/georged/.local/bin/cmake -E cmake_link_script CMakeFiles/cmTC_19393.dir/link.txt --verbose=1
/usr/bin/cc  -DCHECK_FUNCTION_EXISTS=pthread_create CMakeFiles/cmTC_19393.dir/CheckFunctionExists.c.o -o cmTC_19393  -lpthreads 
/usr/bin/ld: cannot find -lpthreads
collect2: error: ld returned 1 exit status
make[1]: *** [CMakeFiles/cmTC_19393.dir/build.make:106: cmTC_19393] Error 1
make[1]: Leaving directory '/home/georged/grpc/examples/cpp/prototype/cmake/build/CMakeFiles/CMakeTmp'
make: *** [Makefile:140: cmTC_19393/fast] Error 2



